<?xml version="1.0" encoding="UTF-8"?>
<!-- Generated by org.testng.reporters.JUnitReportReporter -->
<testsuite hostname="app953800046" failures="0" tests="2" name="TestCases.TC_01_CreateAccount" time="188.509" errors="0" timestamp="2022-12-27T14:27:39 IST" skipped="0">
  <testcase classname="TestCases.TC_01_CreateAccount" name="Varify_Password_Field_Error01" time="58.225"/>
  <system-out/>
  <testcase classname="TestCases.TC_01_CreateAccount" name="Varify_Password_Field_Error02" time="130.284"/>
  <system-out/>
</testsuite> <!-- TestCases.TC_01_CreateAccount -->
