<?xml version="1.0" encoding="UTF-8"?>
<!-- Generated by org.testng.reporters.JUnitReportReporter -->
<testsuite hostname="app953800046" failures="0" tests="1" name="TestCases.TC_01_Login" time="0.032" errors="0" timestamp="2022-12-23T12:27:37 IST" skipped="0">
  <testcase classname="TestCases.TC_01_Login" name="EnterUsername" time="0.032"/>
  <system-out/>
</testsuite> <!-- TestCases.TC_01_Login -->
