<?xml version="1.0" encoding="UTF-8"?>
<!-- Generated by org.testng.reporters.JUnitReportReporter -->
<testsuite hostname="app953800046" failures="0" tests="1" name="TestCases.Start_Test_cases" time="0.045" errors="0" timestamp="2022-12-22T13:36:56 IST" skipped="0">
  <testcase classname="TestCases.Start_Test_cases" name="f" time="0.045"/>
  <system-out/>
</testsuite> <!-- TestCases.Start_Test_cases -->
